<?xml version="1.0" encoding="UTF-8"?>
<!-- Generated by org.testng.reporters.JUnitXMLReporter -->
<testsuite ignored="2" hostname="AJ007-BOND" failures="0" tests="2" name="Test" time="0.284" errors="0" timestamp="2023-05-25T18:37:02 IST">
  <testcase classname="Annotation.testscript" name="test1" time="0.041"/>
  <testcase classname="Annotation.testscript2" name="test2" time="0.011"/>
  <testcase classname="Annotation.DiffBtwnBcAndBm" name="@BeforeTest virat" time="0.0">
    <ignored/>
  </testcase> <!-- @BeforeTest virat -->
  <testcase classname="Annotation.DiffBtwnBcAndBm" name="@AfterTest viratt" time="0.0">
    <ignored/>
  </testcase> <!-- @AfterTest viratt -->
</testsuite> <!-- Test -->
